  TestTSMasterC.cpp
TestTSMasterC.obj : error LNK2019: ссылка на неразрешенный внешний символ __imp_finalize_lib_tsmaster в функции main.
TestTSMasterC.obj : error LNK2019: ссылка на неразрешенный внешний символ __imp_initialize_lib_tsmaster в функции main.
TestTSMasterC.obj : error LNK2019: ссылка на неразрешенный внешний символ __imp_tsapp_connect в функции main.
TestTSMasterC.obj : error LNK2019: ссылка на неразрешенный внешний символ __imp_tsapp_disconnect в функции main.
TestTSMasterC.obj : error LNK2019: ссылка на неразрешенный внешний символ __imp_tsapp_enable_bus_statistics в функции main.
TestTSMasterC.obj : error LNK2019: ссылка на неразрешенный внешний символ __imp_tsapp_get_bus_statistics в функции main.
TestTSMasterC.obj : error LNK2019: ссылка на неразрешенный внешний символ __imp_tsapp_get_error_description в функции "bool __cdecl CheckOK(int)" (?CheckOK@@YA_NH@Z).
TestTSMasterC.obj : error LNK2019: ссылка на неразрешенный внешний символ __imp_tsapp_register_pretx_event_can в функции main.
TestTSMasterC.obj : error LNK2019: ссылка на неразрешенный внешний символ __imp_tsapp_set_can_channel_count в функции main.
TestTSMasterC.obj : error LNK2019: ссылка на неразрешенный внешний символ __imp_tsapp_set_logger в функции main.
TestTSMasterC.obj : error LNK2019: ссылка на неразрешенный внешний символ __imp_tsapp_set_mapping в функции main.
TestTSMasterC.obj : error LNK2019: ссылка на неразрешенный внешний символ __imp_tsapp_start_logging в функции main.
TestTSMasterC.obj : error LNK2019: ссылка на неразрешенный внешний символ __imp_tsapp_stop_logging в функции main.
TestTSMasterC.obj : error LNK2019: ссылка на неразрешенный внешний символ __imp_tsapp_unregister_pretx_event_can в функции main.
TestTSMasterC.obj : error LNK2019: ссылка на неразрешенный внешний символ __imp_tscom_can_rbs_start в функции main.
TestTSMasterC.obj : error LNK2019: ссылка на неразрешенный внешний символ __imp_tscom_can_rbs_stop в функции main.
TestTSMasterC.obj : error LNK2019: ссылка на неразрешенный внешний символ __imp_tscom_can_rbs_configure в функции main.
TestTSMasterC.obj : error LNK2019: ссылка на неразрешенный внешний символ __imp_tscom_can_rbs_activate_all_networks в функции main.
TestTSMasterC.obj : error LNK2019: ссылка на неразрешенный внешний символ __imp_tscom_can_rbs_get_signal_value_by_address в функции main.
TestTSMasterC.obj : error LNK2019: ссылка на неразрешенный внешний символ __imp_tscom_can_rbs_set_signal_value_by_address в функции main.
TestTSMasterC.obj : error LNK2019: ссылка на неразрешенный внешний символ __imp_tsdb_get_signal_value_can в функции "void __cdecl OnPreTxCANEvent(int * const,struct _TCAN * const)" (?OnPreTxCANEvent@@YAXQEAHQEAU_TCAN@@@Z).
TestTSMasterC.obj : error LNK2019: ссылка на неразрешенный внешний символ __imp_tsdb_set_signal_value_can в функции "void __cdecl OnPreTxCANEvent(int * const,struct _TCAN * const)" (?OnPreTxCANEvent@@YAXQEAHQEAU_TCAN@@@Z).
TestTSMasterC.obj : error LNK2019: ссылка на неразрешенный внешний символ __imp_tsdb_load_can_db в функции main.
C:\Users\r.ota\Desktop\C\Windows\TestTSMasterC\..\lib\TSMaster.lib : warning LNK4272: тип компьютера библиотеки "x86" конфликтует с типом целевого компьютера "x64"
C:\Users\r.ota\Desktop\C\Windows\TestTSMasterC\x64\Debug\TestTSMasterC.exe : fatal error LNK1120: неразрешенных внешних элементов: 23
